\BOOKMARK [0][-]{chapter.1}{Bevezet\351s}{}% 1
\BOOKMARK [0][-]{chapter.2}{Irodalmi \341ttekint\351s}{}% 2
\BOOKMARK [1][-]{section.2.1}{Ipari \374temez\351si feladatok}{chapter.2}% 3
\BOOKMARK [1][-]{section.2.2}{Megold\363 m\363dszerek az irodalomban}{chapter.2}% 4
\BOOKMARK [2][-]{subsection.2.2.1}{MILP modellek}{section.2.2}% 5
\BOOKMARK [2][-]{subsection.2.2.2}{Anal\355zis alap\372 eszk\366z\366k}{section.2.2}% 6
\BOOKMARK [1][-]{section.2.3}{S-gr\341f m\363dszertan}{chapter.2}% 7
\BOOKMARK [2][-]{subsection.2.3.1}{A makespan minimaliz\341l\341s algoritmusa}{section.2.3}% 8
\BOOKMARK [2][-]{subsection.2.3.2}{Throughput maximaliz\341l\341s}{section.2.3}% 9
\BOOKMARK [0][-]{chapter.3}{Probl\351ma defin\355ci\363}{}% 10
\BOOKMARK [0][-]{chapter.4}{Az \372j m\363dszer}{}% 11
\BOOKMARK [1][-]{section.4.1}{Vez\351rlo}{chapter.4}% 12
\BOOKMARK [1][-]{section.4.2}{Maxprofit elj\341r\341s}{chapter.4}% 13
\BOOKMARK [1][-]{section.4.3}{Profitbound elj\341r\341s}{chapter.4}% 14
\BOOKMARK [0][-]{chapter.5}{Implement\341l\341s}{}% 15
\BOOKMARK [1][-]{section.5.1}{S-gr\341f solver}{chapter.5}% 16
\BOOKMARK [2][-]{subsection.5.1.1}{A megold\363 muk\366d\351se}{section.5.1}% 17
\BOOKMARK [1][-]{section.5.2}{Adatok beolvas\341sa}{chapter.5}% 18
\BOOKMARK [2][-]{subsection.5.2.1}{Bemeneti f\341jl}{section.5.2}% 19
\BOOKMARK [2][-]{subsection.5.2.2}{Beolvas\363 f\374ggv\351ny}{section.5.2}% 20
\BOOKMARK [1][-]{section.5.3}{FlexBatchSchProblem oszt\341ly}{chapter.5}% 21
\BOOKMARK [2][-]{subsection.5.3.1}{MakeDecisions f\374ggv\351ny}{section.5.3}% 22
\BOOKMARK [2][-]{subsection.5.3.2}{Branching f\374ggv\351ny}{section.5.3}% 23
\BOOKMARK [2][-]{subsection.5.3.3}{Tov\341bbi met\363dusok}{section.5.3}% 24
\BOOKMARK [1][-]{section.5.4}{SGraph oszt\341ly}{chapter.5}% 25
\BOOKMARK [2][-]{subsection.5.4.1}{MakeMultipleBatches f\374ggv\351ny}{section.5.4}% 26
\BOOKMARK [2][-]{subsection.5.4.2}{UpdateProfitBound f\374ggv\351ny}{section.5.4}% 27
\BOOKMARK [2][-]{subsection.5.4.3}{UpdateProfitBoundFromTask f\374ggv\351ny}{section.5.4}% 28
\BOOKMARK [2][-]{subsection.5.4.4}{Egy\351b \372j met\363dusok}{section.5.4}% 29
\BOOKMARK [1][-]{section.5.5}{Argumentum hozz\341ad\341s}{chapter.5}% 30
\BOOKMARK [1][-]{section.5.6}{Megold\341s f\341jlba \355r\341sa}{chapter.5}% 31
\BOOKMARK [0][-]{chapter.6}{Tesztel\351s}{}% 32
\BOOKMARK [1][-]{section.6.1}{A tesztfeladat megold\341sa}{chapter.6}% 33
\BOOKMARK [1][-]{section.6.2}{A r\351gi \351s az \372j megold\363 \366sszehasonl\355t\341sa}{chapter.6}% 34
\BOOKMARK [1][-]{section.6.3}{A megold\363 m\363dszerek sebess\351ge}{chapter.6}% 35
\BOOKMARK [0][-]{chapter.7}{\326sszefoglal\341s}{}% 36
\BOOKMARK [0][-]{appendix.A}{Tesztesetek}{}% 37
\BOOKMARK [0][-]{appendix.B}{CD Mell\351klet tartalma}{}% 38
